cpu-bind=MASK - gpu-0005, task  0  0 [2029713]: mask |BBBBBBBBBBBBBBBBBBBB||||BBBBBBBBBBBBBBBBBBBB|  set
Running "module reset". Resetting modules to system default. The following $MODULEPATH directories have been removed: None

No initialization of A,B, or C.
N=10240, Δt=1.827662284, perf=1174.989311099665
N=10240, Δt=1.740939569, perf=1233.519925814266
N=10240, Δt=1.741307001, perf=1233.2596416179
N=10240, Δt=1.739720506, perf=1234.3842821842327
N=10240, Δt=1.740119351, perf=1234.1013544650823
N=10240, Δt=1.740506266, perf=1233.8270134099018
N=10240, Δt=1.739559106, perf=1234.4988109878
N=10240, Δt=1.7401162, perf=1234.1035891741024
N=10240, Δt=1.740855881, perf=1233.5792247009103
N=10240, Δt=1.73984, perf=1234.299503402612
	Best performance: 1234.4988109878 GFLOPS

Linear parallel initialization
N=10240, Δt=2.180464215, perf=984.8745204011523
N=10240, Δt=2.113917452, perf=1015.8786692300794
N=10240, Δt=2.113222203, perf=1016.2128927811574
N=10240, Δt=2.115280033, perf=1015.224279763246
N=10240, Δt=2.116571788, perf=1014.6046829950471
N=10240, Δt=2.112504976, perf=1016.5579122403924
N=10240, Δt=2.111792755, perf=1016.9007554910378
N=10240, Δt=2.113075473, perf=1016.2834576614293
N=10240, Δt=2.11467438, perf=1015.5150449214789
N=10240, Δt=2.11385727, perf=1015.9075915281642
	Best performance: 1016.9007554910378 GFLOPS

Row-wise parallel initialization
N=10240, Δt=2.144726397, perf=1001.2855956843059
N=10240, Δt=2.089922897, perf=1027.5420452508686
N=10240, Δt=2.156860624, perf=995.6524886700329
N=10240, Δt=2.166631792, perf=991.1622528245446
N=10240, Δt=2.162370486, perf=993.1155007449543
N=10240, Δt=2.093901122, perf=1025.589807196254
N=10240, Δt=2.087914644, perf=1028.5303827774676
N=10240, Δt=2.087646408, perf=1028.662535844528
N=10240, Δt=2.087580873, perf=1028.6948284374323
N=10240, Δt=2.088719689, perf=1028.1339613493728
	Best performance: 1028.6948284374323 GFLOPS

Naive initialization of A and B. No initialization of C.
N=10240, Δt=2.156452112, perf=995.8411021742178
N=10240, Δt=2.10511704, perf=1020.1255356329262
N=10240, Δt=2.104281918, perf=1020.5303907382624
N=10240, Δt=2.104448532, perf=1020.4495930148032
N=10240, Δt=2.104791219, perf=1020.2834507359279
N=10240, Δt=2.104286472, perf=1020.5281821533281
N=10240, Δt=2.103804596, perf=1020.7619339186957
N=10240, Δt=2.103056258, perf=1021.1251552739014
N=10240, Δt=2.103699966, perf=1020.8127027178931
N=10240, Δt=2.104599585, perf=1020.3763524927239
	Best performance: 1021.1251552739014 GFLOPS

Naive initialization (i.e. serial)
N=10240, Δt=2.140851814, perf=1003.0977548079842
N=10240, Δt=2.094490735, perf=1025.3010968797626
N=10240, Δt=2.093936809, perf=1025.572328052045
N=10240, Δt=2.092445516, perf=1026.3032569207408
N=10240, Δt=2.094707194, perf=1025.195146200467
N=10240, Δt=2.093153139, perf=1025.9562991296264
N=10240, Δt=2.093706484, perf=1025.685149475804
N=10240, Δt=2.093966808, perf=1025.5576352956214
N=10240, Δt=2.092554993, perf=1026.2495634206734
N=10240, Δt=2.094283517, perf=1025.4025448647028
	Best performance: 1026.3032569207408 GFLOPS
