cpu-bind=MASK - gpu-0005, task  0  0 [2017675]: mask |BBBBBBBBBBBBBBBBBBBB||||BBBBBBBBBBBBBBBBBBBB|  set
Running "module reset". Resetting modules to system default. The following $MODULEPATH directories have been removed: None
BLAS.get_num_threads() = 20
BLAS.get_num_threads() = 20

No initialization of A,B, or C.
N=10240, Δt=1.507629992, perf=1424.410272676507
N=10240, Δt=1.487335531, perf=1443.8461283555525
N=10240, Δt=1.474703407, perf=1456.2139327857403
N=10240, Δt=1.476961041, perf=1453.9880121320007
N=10240, Δt=1.472009748, perf=1458.8786867191318
N=10240, Δt=1.475541323, perf=1455.3869922353913
N=10240, Δt=1.473392609, perf=1457.5094478433075
N=10240, Δt=1.471149075, perf=1459.732181118355
N=10240, Δt=1.471184208, perf=1459.6973216014837
N=10240, Δt=1.475099545, perf=1455.8228665171205
	Best performance: 1459.732181118355 GFLOPS

Linear parallel initialization
N=10240, Δt=1.667677826, perf=1287.7089414511408
N=10240, Δt=1.672989733, perf=1283.6203388703043
N=10240, Δt=1.674196405, perf=1282.6951733897674
N=10240, Δt=1.557681947, perf=1378.640647492848
N=10240, Δt=1.498477621, perf=1433.1102566395953
N=10240, Δt=1.492206061, perf=1439.1334441845563
N=10240, Δt=1.491389727, perf=1439.921174943161
N=10240, Δt=1.500855319, perf=1430.8398823084692
N=10240, Δt=1.497256906, perf=1434.2786728144838
N=10240, Δt=1.496743842, perf=1434.7703245803634
	Best performance: 1439.921174943161 GFLOPS

Row-wise parallel initialization
N=10240, Δt=1.582001295, perf=1357.4474653005893
N=10240, Δt=1.600635311, perf=1341.644554035457
N=10240, Δt=1.50318371, perf=1428.6235499452027
N=10240, Δt=1.50325519, perf=1428.5556186903968
N=10240, Δt=1.502395522, perf=1429.3730356312924
N=10240, Δt=1.50355481, perf=1428.270944110112
N=10240, Δt=1.504035292, perf=1427.8146659340491
N=10240, Δt=1.503329034, perf=1428.4854475843242
N=10240, Δt=1.502518806, perf=1429.2557533552763
N=10240, Δt=1.50199904, perf=1429.7503465781178
	Best performance: 1429.7503465781178 GFLOPS

Naive initialization of A and B. No initialization of C.
N=10240, Δt=1.574477469, perf=1363.9341878699186
N=10240, Δt=1.55994276, perf=1376.6425942449325
N=10240, Δt=1.57250108, perf=1365.648440762915
N=10240, Δt=1.562524473, perf=1374.3680083787078
N=10240, Δt=1.776487188, perf=1208.8371154636213
N=10240, Δt=1.56518224, perf=1372.0342546181716
N=10240, Δt=1.550250967, perf=1385.2490298107973
N=10240, Δt=1.558465102, perf=1377.9478573142924
N=10240, Δt=1.558968667, perf=1377.502764139903
N=10240, Δt=1.5499807, perf=1385.4905728826172
	Best performance: 1385.4905728826172 GFLOPS

Naive initialization (i.e. serial)
N=10240, Δt=1.527269703, perf=1406.0932681252827
N=10240, Δt=1.526204591, perf=1407.0745564937174
N=10240, Δt=1.527307208, perf=1406.058739690044
N=10240, Δt=1.525996968, perf=1407.2659992336237
N=10240, Δt=1.526096324, perf=1407.1743796428934
N=10240, Δt=1.52660552, perf=1406.7050196438436
N=10240, Δt=1.527394606, perf=1405.9782845664968
N=10240, Δt=1.527046708, perf=1406.298600265212
N=10240, Δt=1.526283828, perf=1407.0015082411005
N=10240, Δt=1.526588154, perf=1406.7210218899684
	Best performance: 1407.2659992336237 GFLOPS
