cpu-bind=MASK - gpu-0005, task  0  0 [2018478]: mask |BBBBBBBBBBBBBBBBBBBB||||BBBBBBBBBBBBBBBBBBBB|  set
Running "module reset". Resetting modules to system default. The following $MODULEPATH directories have been removed: None
BLAS.get_num_threads() = 40
BLAS.get_num_threads() = 40

No initialization of A,B, or C.
N=10240, Δt=1.823002379, perf=1177.992784177272
N=10240, Δt=1.128043339, perf=1903.7244170988365
N=10240, Δt=1.043299659, perf=2058.357471388764
N=10240, Δt=1.009499354, perf=2127.2759011592198
N=10240, Δt=1.019672272, perf=2106.0528043857607
N=10240, Δt=1.025946827, perf=2093.1724641904857
N=10240, Δt=1.018332524, perf=2108.8235889439197
N=10240, Δt=1.11772057, perf=1921.3063672971505
N=10240, Δt=1.314788124, perf=1633.3305791253104
N=10240, Δt=1.787291497, perf=1201.529605889464
	Best performance: 2127.2759011592198 GFLOPS

Linear parallel initialization
N=10240, Δt=1.346377331, perf=1595.0087680137865
N=10240, Δt=1.343270665, perf=1598.6976444542547
N=10240, Δt=1.343226322, perf=1598.7504211520356
N=10240, Δt=1.345323471, perf=1596.2582191506272
N=10240, Δt=1.279269048, perf=1678.6802208318575
N=10240, Δt=1.31124105, perf=1637.748946313113
N=10240, Δt=1.259996779, perf=1704.3564585175818
N=10240, Δt=1.962109652, perf=1094.4768789099255
N=10240, Δt=1.96892452, perf=1090.688660832971
N=10240, Δt=1.199873403, perf=1789.7585217163116
	Best performance: 1789.7585217163116 GFLOPS

Row-wise parallel initialization
N=10240, Δt=1.129665846, perf=1900.990151737313
N=10240, Δt=1.128929838, perf=1902.2295059580135
N=10240, Δt=1.127500972, perf=1904.6401744476725
N=10240, Δt=1.128727833, perf=1902.5699422085574
N=10240, Δt=1.125370508, perf=1908.2458912278514
N=10240, Δt=1.12813516, perf=1903.56946945967
N=10240, Δt=1.156231496, perf=1857.3128784583812
N=10240, Δt=1.12664209, perf=1906.092153897783
N=10240, Δt=1.13266017, perf=1895.9646546059794
N=10240, Δt=1.166456799, perf=1841.0314465490976
	Best performance: 1908.2458912278514 GFLOPS

Naive initialization of A and B. No initialization of C.
N=10240, Δt=1.26139954, perf=1702.461099676634
N=10240, Δt=1.167203371, perf=1839.8538775296256
N=10240, Δt=1.17286136, perf=1830.978256458206
N=10240, Δt=1.166867199, perf=1840.38393558443
N=10240, Δt=1.171906219, perf=1832.470562219962
N=10240, Δt=1.165912639, perf=1841.8907010407665
N=10240, Δt=1.179838128, perf=1820.151084318916
N=10240, Δt=1.166686056, perf=1840.6696788360348
N=10240, Δt=1.172948657, perf=1830.8419854390952
N=10240, Δt=1.174954123, perf=1827.7170197223097
	Best performance: 1841.8907010407665 GFLOPS

Naive initialization (i.e. serial)
N=10240, Δt=1.348551637, perf=1592.4370925664452
N=10240, Δt=1.346612767, perf=1594.729903522443
N=10240, Δt=1.346562768, perf=1594.7891171754127
N=10240, Δt=1.349209707, perf=1591.6603896772883
N=10240, Δt=1.346526768, perf=1594.8317545812058
N=10240, Δt=1.347191747, perf=1594.0445395261168
N=10240, Δt=1.351447766, perf=1589.0245276412704
N=10240, Δt=1.34679312, perf=1594.5163485836638
N=10240, Δt=1.34460388, perf=1597.1124878800738
N=10240, Δt=1.339471547, perf=1603.2320005674596
	Best performance: 1603.2320005674596 GFLOPS
