cpu-bind=MASK - n2cn0680, task  0  0 [1610594]: mask |BBBBBBBB|BBBBBBBB||BBBBBBBB|BBBBBBBB||BBBBBBBB|BBBBBBBB||BBBBBBBB|BBBBBBBB||||BBBBBBBB|BBBBBBBB||BBBBBBBB|BBBBBBBB||BBBBBBBB|BBBBBBBB||BBBBBBBB|BBBBBBBB|  set
Running "module reset". Resetting modules to system default. The following $MODULEPATH directories have been removed: None

No initialization of A,B, or C.
N=10240, Δt=1.034285382, perf=2076.297011804814
N=10240, Δt=1.037104462, perf=2070.6531759189365
N=10240, Δt=1.041608918, perf=2061.6986000114102
	Best performance: 2076.297011804814 GFLOPS

Linear parallel initialization
N=10240, Δt=1.065966725, perf=2014.5878831255266
N=10240, Δt=1.067215809, perf=2012.2299818742663
N=10240, Δt=1.069114686, perf=2008.656018031727
	Best performance: 2014.5878831255266 GFLOPS

Row-wise parallel initialization
N=10240, Δt=1.071885806, perf=2003.4630890522305
N=10240, Δt=1.07302293, perf=2001.3399415425354
N=10240, Δt=1.070770512, perf=2005.5498577271244
	Best performance: 2005.5498577271244 GFLOPS

Naive initialization of A and B. No initialization of C.
N=10240, Δt=1.079462324, perf=1989.4012048909638
N=10240, Δt=1.077433356, perf=1993.1475446171355
N=10240, Δt=1.076850904, perf=1994.2256072991142
	Best performance: 1994.2256072991142 GFLOPS

Naive initialization (i.e. serial)
N=10240, Δt=1.904920493, perf=1127.335054607972
N=10240, Δt=1.904977944, perf=1127.3010560378436
N=10240, Δt=1.905142324, perf=1127.2037899463517
	Best performance: 1127.335054607972 GFLOPS
