cpu-bind=MASK - gpu-0005, task  0  0 [2014691]: mask |BBBBBBBBBBBBBBBBBBBB||||BBBBBBBBBBBBBBBBBBBB|  set
Running "module reset". Resetting modules to system default. The following $MODULEPATH directories have been removed: None
BLAS.get_num_threads() = 20
BLAS.get_num_threads() = 20

No initialization of A,B, or C.
N=10240, Δt=2.151365729, perf=998.1955271724977
N=10240, Δt=1.993851782, perf=1077.0528017112158
N=10240, Δt=1.96809219, perf=1091.149926264379
N=10240, Δt=1.969285607, perf=1090.4886728296694
N=10240, Δt=1.96772733, perf=1091.352249500951
N=10240, Δt=1.954542032, perf=1098.7144880187464
N=10240, Δt=1.868680757, perf=1149.1977107141583
N=10240, Δt=1.872844969, perf=1146.6425056776818
N=10240, Δt=1.841299483, perf=1166.286998843414
N=10240, Δt=1.860227974, perf=1154.4196077120168
	Best performance: 1166.286998843414 GFLOPS

Linear parallel initialization
N=10240, Δt=2.217326017, perf=968.5015336199882
N=10240, Δt=2.303935575, perf=932.0936189806437
N=10240, Δt=2.286503205, perf=939.199929089975
N=10240, Δt=2.280829582, perf=941.5362133794002
N=10240, Δt=2.282970632, perf=940.6532076668431
N=10240, Δt=2.130726607, perf=1007.8644725911568
N=10240, Δt=1.909262763, perf=1124.771136596037
N=10240, Δt=1.914781079, perf=1121.5295949767426
N=10240, Δt=1.911035948, perf=1123.7274998659523
N=10240, Δt=1.916771686, perf=1120.3648633194596
	Best performance: 1124.771136596037 GFLOPS

Row-wise parallel initialization
N=10240, Δt=2.291846712, perf=937.010157248248
N=10240, Δt=2.298750749, perf=934.1959535779145
N=10240, Δt=2.295015642, perf=935.7163448910385
N=10240, Δt=2.294496252, perf=935.9281568353593
N=10240, Δt=2.297882322, perf=934.549009511898
N=10240, Δt=2.296697167, perf=935.0312609150355
N=10240, Δt=2.305342827, perf=931.5246404347479
N=10240, Δt=2.299375527, perf=933.9421172329456
N=10240, Δt=2.296427461, perf=935.1410765070973
N=10240, Δt=2.308122561, perf=930.4027802880613
	Best performance: 937.010157248248 GFLOPS

Naive initialization of A and B. No initialization of C.
N=10240, Δt=2.162856076, perf=992.8925330859602
N=10240, Δt=2.177184195, perf=986.3582754880324
N=10240, Δt=2.162480481, perf=993.0649857273788
N=10240, Δt=2.162499692, perf=993.0561636352827
N=10240, Δt=2.160827555, perf=993.8246312302326
N=10240, Δt=2.163722148, perf=992.4951084800746
N=10240, Δt=2.161873411, perf=993.3438457003161
N=10240, Δt=2.160601239, perf=993.9287311498205
N=10240, Δt=2.163235526, perf=992.7183712496039
N=10240, Δt=2.162668795, perf=992.9785147706818
	Best performance: 993.9287311498205 GFLOPS

Naive initialization (i.e. serial)
N=10240, Δt=2.350651685, perf=913.5694844555417
N=10240, Δt=2.351464633, perf=913.2536453504891
N=10240, Δt=2.352253901, perf=912.9472150464084
N=10240, Δt=2.307542101, perf=930.6368222141487
N=10240, Δt=2.280990034, perf=941.469982766264
N=10240, Δt=2.238957533, perf=959.1444305433371
N=10240, Δt=1.855484865, perf=1157.370608894727
N=10240, Δt=1.849935573, perf=1160.8423986990383
N=10240, Δt=1.847456181, perf=1162.4003156803426
N=10240, Δt=1.849329734, perf=1161.2226897769656
	Best performance: 1162.4003156803426 GFLOPS
