cpu-bind=MASK - gpu-0005, task  0  0 [2015179]: mask |BBBBBBBBBBBBBBBBBBBB||||BBBBBBBBBBBBBBBBBBBB|  set
Running "module reset". Resetting modules to system default. The following $MODULEPATH directories have been removed: None
BLAS.get_num_threads() = 40
BLAS.get_num_threads() = 40

No initialization of A,B, or C.
N=10240, Δt=1.437326871, perf=1494.0816117254653
N=10240, Δt=1.526843118, perf=1406.4861168009013
N=10240, Δt=1.558420874, perf=1377.9869634882727
N=10240, Δt=1.576336506, perf=1362.325645460881
N=10240, Δt=1.54144397, perf=1393.1636113896504
N=10240, Δt=1.545721238, perf=1389.3084957405497
N=10240, Δt=1.554271366, perf=1381.6658371096828
N=10240, Δt=1.551153368, perf=1384.4431455342722
N=10240, Δt=1.551984466, perf=1383.7017670252894
N=10240, Δt=1.552955649, perf=1382.8364315380395
	Best performance: 1494.0816117254653 GFLOPS

Linear parallel initialization
N=10240, Δt=1.505699272, perf=1426.2367578537292
N=10240, Δt=1.502250046, perf=1429.511454313512
N=10240, Δt=1.504294569, perf=1427.5685708468445
N=10240, Δt=1.506555846, perf=1425.4258504267889
N=10240, Δt=1.502891286, perf=1428.901523353433
N=10240, Δt=1.493635178, perf=1437.7564746938494
N=10240, Δt=1.503763213, perf=1428.0730034057565
N=10240, Δt=1.514729636, perf=1417.7339618645976
N=10240, Δt=1.502963677, perf=1428.832699594243
N=10240, Δt=1.503221684, perf=1428.587460424101
	Best performance: 1437.7564746938494 GFLOPS

Row-wise parallel initialization
N=10240, Δt=1.523666246, perf=1409.4186660875864
N=10240, Δt=1.544016222, perf=1390.8426721179876
N=10240, Δt=1.576913269, perf=1361.8273688329273
N=10240, Δt=1.556579849, perf=1379.6167600265524
N=10240, Δt=1.588657125, perf=1351.760310142442
N=10240, Δt=1.588514371, perf=1351.8817879174228
N=10240, Δt=1.576325387, perf=1362.33525496091
N=10240, Δt=1.578103951, perf=1360.7998678662457
N=10240, Δt=1.589666631, perf=1350.9018847864336
N=10240, Δt=1.579989561, perf=1359.175845845984
	Best performance: 1409.4186660875864 GFLOPS

Naive initialization of A and B. No initialization of C.
N=10240, Δt=1.50343551, perf=1428.384279682206
N=10240, Δt=1.506516587, perf=1425.462996246453
N=10240, Δt=1.51071284, perf=1421.5035386870743
N=10240, Δt=1.503289527, perf=1428.522988705688
N=10240, Δt=1.569572454, perf=1368.1965700450553
N=10240, Δt=1.522320261, perf=1410.6648272482003
N=10240, Δt=1.594284784, perf=1346.9887372393061
N=10240, Δt=1.521011248, perf=1411.8788738898268
N=10240, Δt=1.520017378, perf=1412.8020370567108
N=10240, Δt=1.500201194, perf=1431.4637640529702
	Best performance: 1431.4637640529702 GFLOPS

Naive initialization (i.e. serial)
N=10240, Δt=1.956027951, perf=1097.8798369942108
N=10240, Δt=1.844020167, perf=1164.5662484774766
N=10240, Δt=1.84570113, perf=1163.5056256372343
N=10240, Δt=1.892519376, perf=1134.7221461683994
N=10240, Δt=1.926285723, perf=1114.8313162262898
N=10240, Δt=1.906126564, perf=1126.6217514400057
N=10240, Δt=1.979416433, perf=1084.9074566614959
N=10240, Δt=1.980293511, perf=1084.42694785965
N=10240, Δt=1.982661966, perf=1083.131509468821
N=10240, Δt=1.988675139, perf=1079.856436018935
	Best performance: 1164.5662484774766 GFLOPS
