cpu-bind=MASK - n2cn0680, task  0  0 [1608544]: mask |BBBBBBBB|BBBBBBBB||BBBBBBBB|BBBBBBBB||BBBBBBBB|BBBBBBBB||BBBBBBBB|BBBBBBBB||||BBBBBBBB|BBBBBBBB||BBBBBBBB|BBBBBBBB||BBBBBBBB|BBBBBBBB||BBBBBBBB|BBBBBBBB|  set
Running "module reset". Resetting modules to system default. The following $MODULEPATH directories have been removed: None

No initialization of A,B, or C.
N=10240, Δt=1.221802389, perf=1757.6358233819103
N=10240, Δt=1.112919143, perf=1929.595390201676
N=10240, Δt=1.113509875, perf=1928.5717138341497
	Best performance: 1929.595390201676 GFLOPS

Linear parallel initialization
N=10240, Δt=1.209322284, perf=1775.7744783275655
N=10240, Δt=1.165049572, perf=1843.2551709482111
N=10240, Δt=1.16698728, perf=1840.1945632175184
	Best performance: 1843.2551709482111 GFLOPS

Row-wise parallel initialization
N=10240, Δt=1.212050714, perf=1771.777057836872
N=10240, Δt=1.171736977, perf=1832.735238498836
N=10240, Δt=1.172378809, perf=1831.7318869246126
	Best performance: 1832.735238498836 GFLOPS

Naive initialization of A and B. No initialization of C.
N=10240, Δt=1.225713794, perf=1752.0269890998713
N=10240, Δt=1.193683817, perf=1799.0389225491194
N=10240, Δt=1.188655239, perf=1806.649714350016
	Best performance: 1806.649714350016 GFLOPS

Naive initialization (i.e. serial)
N=10240, Δt=2.487150148, perf=863.4314457158379
N=10240, Δt=2.455849524, perf=874.4361684270685
N=10240, Δt=2.459288516, perf=873.2133842892308
	Best performance: 874.4361684270685 GFLOPS
