cpu-bind=MASK - n2cn0680, task  0  0 [1609774]: mask |BBBBBBBB|BBBBBBBB||BBBBBBBB|BBBBBBBB||BBBBBBBB|BBBBBBBB||BBBBBBBB|BBBBBBBB||||BBBBBBBB|BBBBBBBB||BBBBBBBB|BBBBBBBB||BBBBBBBB|BBBBBBBB||BBBBBBBB|BBBBBBBB|  set
Running "module reset". Resetting modules to system default. The following $MODULEPATH directories have been removed: None

No initialization of A,B, or C.
N=10240, Δt=0.966796586, perf=2221.236275652302
N=10240, Δt=0.964556149, perf=2226.395684923471
N=10240, Δt=0.965745873, perf=2223.652938147218
	Best performance: 2226.395684923471 GFLOPS

Linear parallel initialization
N=10240, Δt=0.978407519, perf=2194.8764766187373
N=10240, Δt=0.96222897, perf=2231.7802882197575
N=10240, Δt=0.95904911, perf=2239.180064512025
	Best performance: 2239.180064512025 GFLOPS

Row-wise parallel initialization
N=10240, Δt=0.969513177, perf=2215.0123370628517
N=10240, Δt=0.96670113, perf=2221.4556095532857
N=10240, Δt=0.96165601, perf=2233.109995329827
	Best performance: 2233.109995329827 GFLOPS

Naive initialization of A and B. No initialization of C.
N=10240, Δt=0.964860472, perf=2225.693465863114
N=10240, Δt=0.962865855, perf=2230.3040832203988
N=10240, Δt=0.968651996, perf=2216.9815959373714
	Best performance: 2230.3040832203988 GFLOPS

Naive initialization (i.e. serial)
N=10240, Δt=3.486421761, perf=615.9563573238036
N=10240, Δt=3.494945992, perf=614.4540295946297
N=10240, Δt=3.496609688, perf=614.1616707663827
	Best performance: 615.9563573238036 GFLOPS
