cpu-bind=MASK - n2cn0680, task  0  0 [1609358]: mask |BBBBBBBB|BBBBBBBB||BBBBBBBB|BBBBBBBB||BBBBBBBB|BBBBBBBB||BBBBBBBB|BBBBBBBB||||BBBBBBBB|BBBBBBBB||BBBBBBBB|BBBBBBBB||BBBBBBBB|BBBBBBBB||BBBBBBBB|BBBBBBBB|  set
Running "module reset". Resetting modules to system default. The following $MODULEPATH directories have been removed: None

No initialization of A,B, or C.
N=10240, Δt=0.94841611, perf=2264.2842370106937
N=10240, Δt=0.969858696, perf=2214.223223297263
N=10240, Δt=0.939687239, perf=2285.3174533745055
	Best performance: 2285.3174533745055 GFLOPS

Linear parallel initialization
N=10240, Δt=0.952529354, perf=2254.506529359934
N=10240, Δt=0.938877596, perf=2287.288201517592
N=10240, Δt=0.944502526, perf=2273.666389326311
	Best performance: 2287.288201517592 GFLOPS

Row-wise parallel initialization
N=10240, Δt=0.953034566, perf=2253.3113956330517
N=10240, Δt=0.956529619, perf=2245.078046035917
N=10240, Δt=0.954167881, perf=2250.6350200651955
	Best performance: 2253.3113956330517 GFLOPS

Naive initialization of A and B. No initialization of C.
N=10240, Δt=0.924968236, perf=2321.683669146018
N=10240, Δt=0.937922573, perf=2289.617192100568
N=10240, Δt=0.940962463, perf=2282.2203142443527
	Best performance: 2321.683669146018 GFLOPS

Naive initialization (i.e. serial)
N=10240, Δt=3.575297093, perf=600.6448113653306
N=10240, Δt=3.567685546, perf=601.9262685321876
N=10240, Δt=3.550933514, perf=604.7659409936224
	Best performance: 604.7659409936224 GFLOPS
