cpu-bind=MASK - n2cn0680, task  0  0 [1610087]: mask |BBBBBBBB|BBBBBBBB||BBBBBBBB|BBBBBBBB||BBBBBBBB|BBBBBBBB||BBBBBBBB|BBBBBBBB||||BBBBBBBB|BBBBBBBB||BBBBBBBB|BBBBBBBB||BBBBBBBB|BBBBBBBB||BBBBBBBB|BBBBBBBB|  set
Running "module reset". Resetting modules to system default. The following $MODULEPATH directories have been removed: None

No initialization of A,B, or C.
N=10240, Δt=0.525780267, perf=4084.3747526949314
N=10240, Δt=0.522540266, perf=4109.699840815712
N=10240, Δt=0.524644963, perf=4093.2131240150693
	Best performance: 4109.699840815712 GFLOPS

Linear parallel initialization
N=10240, Δt=0.55152157, perf=3893.7437170408407
N=10240, Δt=0.555906096, perf=3863.0330975899215
N=10240, Δt=0.561501796, perf=3824.5356707639094
	Best performance: 3893.7437170408407 GFLOPS

Row-wise parallel initialization
N=10240, Δt=0.578092526, perf=3714.774973582689
N=10240, Δt=0.583255614, perf=3681.8910893500633
N=10240, Δt=0.586145534, perf=3663.737968529843
	Best performance: 3714.774973582689 GFLOPS

Naive initialization of A and B. No initialization of C.
N=10240, Δt=0.591835025, perf=3628.5173355530965
N=10240, Δt=0.60684329, perf=3538.777940512451
N=10240, Δt=0.600999259, perf=3573.1885120344223
	Best performance: 3628.5173355530965 GFLOPS

Naive initialization (i.e. serial)
N=10240, Δt=1.716762574, perf=1250.8914631080488
N=10240, Δt=1.688354511, perf=1271.9388220949293
N=10240, Δt=1.703506117, perf=1260.6257333445196
	Best performance: 1271.9388220949293 GFLOPS
