cpu-bind=MASK - n2cn1015, task  0  0 [1418364]: mask |BBBBBBBB|BBBBBBBB||BBBBBBBB|BBBBBBBB||BBBBBBBB|BBBBBBBB||BBBBBBBB|BBBBBBBB||||BBBBBBBB|BBBBBBBB||BBBBBBBB|BBBBBBBB||BBBBBBBB|BBBBBBBB||BBBBBBBB|BBBBBBBB|  set
Running "module reset". Resetting modules to system default. The following $MODULEPATH directories have been removed: None

No initialization of A,B, or C.
N=10240, Δt=1.025172189, perf=2094.7541018399593
N=10240, Δt=1.02847361, perf=2088.0298989878797
N=10240, Δt=1.032497924, perf=2079.891492353257
N=10240, Δt=1.034464735, perf=2075.9370284381903
N=10240, Δt=1.037261111, perf=2070.3404622290905
N=10240, Δt=1.034421156, perf=2076.0244853306153
N=10240, Δt=1.03399196, perf=2076.8862148599296
N=10240, Δt=1.034835713, perf=2075.1928262839147
N=10240, Δt=1.034003581, perf=2076.862873069683
N=10240, Δt=1.036755266, perf=2071.350605515034
	Best performance: 2094.7541018399593 GFLOPS

Linear parallel initialization
N=10240, Δt=1.056143124, perf=2033.3263543549804
N=10240, Δt=1.05808784, perf=2029.5891955435384
N=10240, Δt=1.057328651, perf=2031.0464924684993
N=10240, Δt=1.059087653, perf=2027.673197697075
N=10240, Δt=1.058644045, perf=2028.5228619974903
N=10240, Δt=1.056991794, perf=2031.6937749092876
N=10240, Δt=1.057866398, perf=2030.0140471991815
N=10240, Δt=1.058545205, perf=2028.7122721414626
N=10240, Δt=1.06130429, perf=2023.4382054556663
N=10240, Δt=1.056491546, perf=2032.655780475124
	Best performance: 2033.3263543549804 GFLOPS

Row-wise parallel initialization
N=10240, Δt=1.063830766, perf=2018.632771897105
N=10240, Δt=1.062496104, perf=2021.1684917387706
N=10240, Δt=1.062378834, perf=2021.391597114594
N=10240, Δt=1.062867962, perf=2020.461359997226
N=10240, Δt=1.063554998, perf=2019.1561809575549
N=10240, Δt=1.06309606, perf=2020.0278495999696
N=10240, Δt=1.063593898, perf=2019.0823321177047
N=10240, Δt=1.062398554, perf=2021.3540765041366
N=10240, Δt=1.064700882, perf=2016.9830647327296
N=10240, Δt=1.06128239, perf=2023.4799599379014
	Best performance: 2023.4799599379014 GFLOPS

Naive initialization of A and B. No initialization of C.
N=10240, Δt=1.068382892, perf=2010.0318566314147
N=10240, Δt=1.066672401, perf=2013.255096866428
N=10240, Δt=1.067769745, perf=2011.1860801974678
N=10240, Δt=1.066412103, perf=2013.7465075262749
N=10240, Δt=1.066511302, perf=2013.5592037073413
N=10240, Δt=1.070426861, perf=2006.1937216278432
N=10240, Δt=1.06874397, perf=2009.3527620090338
N=10240, Δt=1.069337526, perf=2008.2374327897664
N=10240, Δt=1.065925235, perf=2014.666298804719
N=10240, Δt=1.074416449, perf=1998.744202025894
	Best performance: 2014.666298804719 GFLOPS

Naive initialization (i.e. serial)
N=10240, Δt=1.918727407, perf=1119.2228975129244
N=10240, Δt=1.921264704, perf=1117.7448081615307
N=10240, Δt=1.920604747, perf=1118.128886932299
N=10240, Δt=1.917058916, perf=1120.1970007686505
N=10240, Δt=1.916845297, perf=1120.3218388885978
N=10240, Δt=1.916905977, perf=1120.2863749013184
N=10240, Δt=1.918012309, perf=1119.6401805782154
N=10240, Δt=1.919183205, perf=1118.957086746703
N=10240, Δt=1.918678688, perf=1119.2513167686782
N=10240, Δt=1.915508336, perf=1121.1037862066503
	Best performance: 1121.1037862066503 GFLOPS
