cpu-bind=MASK - gpu-0005, task  0  0 [2020050]: mask |BBBBBBBBBBBBBBBBBBBB||||BBBBBBBBBBBBBBBBBBBB|  set
Running "module reset". Resetting modules to system default. The following $MODULEPATH directories have been removed: None
BLAS.get_num_threads() = 40
BLAS.get_num_threads() = 40

No initialization of A,B, or C.
N=10240, Δt=0.994431535, perf=2159.5087971541448
N=10240, Δt=1.025386091, perf=2094.3171229343307
N=10240, Δt=0.99077088, perf=2167.487651635462
N=10240, Δt=0.994141864, perf=2160.1380303606247
N=10240, Δt=1.009600767, perf=2127.0622192385877
N=10240, Δt=0.990311441, perf=2168.4932225275584
N=10240, Δt=1.007076921, perf=2132.3928721031634
N=10240, Δt=0.990122823, perf=2168.906319615259
N=10240, Δt=1.011705575, perf=2122.6369618453477
N=10240, Δt=1.001068216, perf=2145.1921194549245
	Best performance: 2168.906319615259 GFLOPS

Linear parallel initialization
N=10240, Δt=1.155233254, perf=1858.9177904672747
N=10240, Δt=1.134094054, perf=1893.5675047635866
N=10240, Δt=1.146255089, perf=1873.4779619373187
N=10240, Δt=1.148365684, perf=1870.0346744251897
N=10240, Δt=1.206440695, perf=1780.0159236173647
N=10240, Δt=1.190172691, perf=1804.3462635625206
N=10240, Δt=1.223026133, perf=1755.8771558972076
N=10240, Δt=1.173528251, perf=1829.9377506847939
N=10240, Δt=1.191287622, perf=1802.6575684507534
N=10240, Δt=1.17226213, perf=1831.9142050592388
	Best performance: 1893.5675047635866 GFLOPS

Row-wise parallel initialization
N=10240, Δt=1.132257642, perf=1896.6386874693317
N=10240, Δt=1.131543169, perf=1897.836253032959
N=10240, Δt=1.131956354, perf=1897.143507708072
N=10240, Δt=1.132194334, perf=1896.7447402894352
N=10240, Δt=1.131778713, perf=1897.4412783464322
N=10240, Δt=1.133267096, perf=1894.9492626934966
N=10240, Δt=1.135857905, perf=1890.627021695993
N=10240, Δt=1.131829852, perf=1897.3555470420656
N=10240, Δt=1.133976443, perf=1893.7638971747144
N=10240, Δt=1.131698033, perf=1897.5765490263075
	Best performance: 1897.836253032959 GFLOPS

Naive initialization of A and B. No initialization of C.
N=10240, Δt=1.135509982, perf=1891.2063143800701
N=10240, Δt=1.149559783, perf=1868.092186032921
N=10240, Δt=1.134804891, perf=1892.381382060857
N=10240, Δt=1.151500062, perf=1864.9444484354706
N=10240, Δt=1.208506478, perf=1776.9732203289025
N=10240, Δt=1.135651303, perf=1890.9709717473024
N=10240, Δt=1.147752696, perf=1871.0334164181306
N=10240, Δt=1.217175307, perf=1764.3174616259284
N=10240, Δt=1.136101702, perf=1890.221310486163
N=10240, Δt=1.133800781, perf=1894.05730176508
	Best performance: 1894.05730176508 GFLOPS

Naive initialization (i.e. serial)
N=10240, Δt=1.223768597, perf=1754.811860072595
N=10240, Δt=1.22254768, perf=1756.564331298719
N=10240, Δt=1.222919928, perf=1756.0296457937843
N=10240, Δt=1.223012074, perf=1755.8973403888083
N=10240, Δt=1.22208145, perf=1757.2344691100584
N=10240, Δt=1.223254158, perf=1755.5498454312224
N=10240, Δt=1.223107192, perf=1755.760788625957
N=10240, Δt=1.221717088, perf=1757.7585425407428
N=10240, Δt=1.22418349, perf=1754.2171296559475
N=10240, Δt=1.222937585, perf=1756.0042919115942
	Best performance: 1757.7585425407428 GFLOPS
