cpu-bind=MASK - gpu-0005, task  0  0 [2019233]: mask |BBBBBBBBBBBBBBBBBBBB||||BBBBBBBBBBBBBBBBBBBB|  set
Running "module reset". Resetting modules to system default. The following $MODULEPATH directories have been removed: None
BLAS.get_num_threads() = 20
BLAS.get_num_threads() = 20

No initialization of A,B, or C.
N=10240, Δt=1.637716142, perf=1311.2673148458227
N=10240, Δt=1.628361624, perf=1318.8002077356743
N=10240, Δt=1.625404496, perf=1321.1995249704294
N=10240, Δt=1.623794553, perf=1322.5094541870901
N=10240, Δt=1.623864889, perf=1322.4521710808417
N=10240, Δt=1.624831802, perf=1321.6651996573858
N=10240, Δt=1.624305347, perf=1322.093565699504
N=10240, Δt=1.549590228, perf=1385.8396943891933
N=10240, Δt=1.464168007, perf=1466.6920993582398
N=10240, Δt=1.448778461, perf=1482.271931705644
	Best performance: 1482.271931705644 GFLOPS

Linear parallel initialization
N=10240, Δt=1.508505415, perf=1423.5836521674005
N=10240, Δt=1.488632841, perf=1442.5878489671184
N=10240, Δt=1.487460127, perf=1443.7251856499681
N=10240, Δt=1.486732873, perf=1444.4314019012077
N=10240, Δt=1.50213648, perf=1429.6195296448695
N=10240, Δt=1.489576429, perf=1441.6740263818986
N=10240, Δt=1.511192852, perf=1421.052015404848
N=10240, Δt=1.488371755, perf=1442.8409036826959
N=10240, Δt=1.489991844, perf=1441.2720825604736
N=10240, Δt=1.496610019, perf=1434.8986180347092
	Best performance: 1444.4314019012077 GFLOPS

Row-wise parallel initialization
N=10240, Δt=1.739196249, perf=1234.756370498589
N=10240, Δt=1.545494348, perf=1389.5124565023643
N=10240, Δt=1.549193821, perf=1386.1943024106602
N=10240, Δt=1.548908742, perf=1386.4494335716004
N=10240, Δt=1.650079275, perf=1301.4427128054197
N=10240, Δt=1.505839382, perf=1426.1040544362652
N=10240, Δt=1.499373627, perf=1432.2538487600063
N=10240, Δt=1.499325378, perf=1432.2999393664636
N=10240, Δt=1.499252298, perf=1432.369755820778
N=10240, Δt=1.498772434, perf=1432.8283595853754
	Best performance: 1432.8283595853754 GFLOPS

Naive initialization of A and B. No initialization of C.
N=10240, Δt=1.654162554, perf=1298.2301181991331
N=10240, Δt=1.660865383, perf=1292.9907926198255
N=10240, Δt=1.630980351, perf=1316.6827219489905
N=10240, Δt=1.594778108, perf=1346.572063679219
N=10240, Δt=1.596614018, perf=1345.0236712126878
N=10240, Δt=1.53879629, perf=1395.5607132377477
N=10240, Δt=1.533234046, perf=1400.623507938983
N=10240, Δt=1.533741457, perf=1400.1601366376838
N=10240, Δt=1.532522194, perf=1401.2740933916941
N=10240, Δt=1.53397947, perf=1399.9428871104776
	Best performance: 1401.2740933916941 GFLOPS

Naive initialization (i.e. serial)
N=10240, Δt=1.596849845, perf=1344.8250345667286
N=10240, Δt=1.615505057, perf=1329.2955281662112
N=10240, Δt=1.615882045, perf=1328.9854012828023
N=10240, Δt=1.542160254, perf=1392.5165315536658
N=10240, Δt=1.546124238, perf=1388.9463700393785
N=10240, Δt=1.547441078, perf=1387.764405721689
N=10240, Δt=1.547406461, perf=1387.7954513723591
N=10240, Δt=1.545984256, perf=1389.0721329570902
N=10240, Δt=1.546595779, perf=1388.5228947078358
N=10240, Δt=1.547172574, perf=1388.0052452377558
	Best performance: 1392.5165315536658 GFLOPS
