cpu-bind=MASK - cn-0013, task  0  0 [1473928]: mask |BBBBBBBBBBBBBBBBBBBB||||BBBBBBBBBBBBBBBBBBBB|  set
Running "module reset". Resetting modules to system default. The following $MODULEPATH directories have been removed: None
BLAS.get_num_threads() = 40
BLAS.get_num_threads() = 40

No initialization of A,B, or C.
N=10240, Δt=1.372741, perf=1564.3764176927766
N=10240, Δt=1.380036456, perf=1556.1064627411554
N=10240, Δt=1.534455732, perf=1399.5083749995076
	Best performance: 1564.3764176927766 GFLOPS

Linear parallel initialization
N=10240, Δt=1.645195763, perf=1305.3058464508094
N=10240, Δt=1.648981873, perf=1302.3088265325036
N=10240, Δt=1.651833912, perf=1300.0602738563948
	Best performance: 1305.3058464508094 GFLOPS

Row-wise parallel initialization
N=10240, Δt=1.488453936, perf=1442.7612410841853
N=10240, Δt=1.452725112, perf=1478.2450101957074
N=10240, Δt=1.486387122, perf=1444.7673935108273
	Best performance: 1478.2450101957074 GFLOPS

Naive initialization of A and B. No initialization of C.
N=10240, Δt=1.497342416, perf=1434.1967642490135
N=10240, Δt=1.500288999, perf=1431.3799870767434
N=10240, Δt=1.503401837, perf=1428.4162724486548
	Best performance: 1434.1967642490135 GFLOPS

Naive initialization (i.e. serial)
N=10240, Δt=1.978023017, perf=1085.671718449978
N=10240, Δt=1.92408774, perf=1116.1048445742915
N=10240, Δt=1.981173217, perf=1083.9454266658402
	Best performance: 1116.1048445742915 GFLOPS
