cpu-bind=MASK - cn-0013, task  0  0 [1474258]: mask |BBBBBBBBBBBBBBBBBBBB||||BBBBBBBBBBBBBBBBBBBB|  set
Running "module reset". Resetting modules to system default. The following $MODULEPATH directories have been removed: None
BLAS.get_num_threads() = 20
BLAS.get_num_threads() = 20

No initialization of A,B, or C.
N=10240, Δt=2.145287838, perf=1001.0235502952589
N=10240, Δt=2.062895647, perf=1041.0044982755253
N=10240, Δt=2.02880864, perf=1058.4949243907008
	Best performance: 1058.4949243907008 GFLOPS

Linear parallel initialization
N=10240, Δt=1.831651171, perf=1172.4304725705874
N=10240, Δt=1.810983452, perf=1185.8107514060266
N=10240, Δt=1.796872783, perf=1195.1228090920447
	Best performance: 1195.1228090920447 GFLOPS

Row-wise parallel initialization
N=10240, Δt=2.508797523, perf=855.9812532946287
N=10240, Δt=2.367606494, perf=907.0272671755902
N=10240, Δt=2.174942335, perf=987.374981599225
	Best performance: 987.374981599225 GFLOPS

Naive initialization of A and B. No initialization of C.
N=10240, Δt=2.459443284, perf=873.1584346630538
N=10240, Δt=2.502437501, perf=858.1567560196182
N=10240, Δt=2.493845794, perf=861.1132465233736
	Best performance: 873.1584346630538 GFLOPS

Naive initialization (i.e. serial)
N=10240, Δt=2.286044447, perf=939.3884055133597
N=10240, Δt=2.2798517, perf=941.9400603995426
N=10240, Δt=2.298663932, perf=934.2312367217323
	Best performance: 941.9400603995426 GFLOPS
