cpu-bind=MASK - n2cn1015, task  0  0 [1417466]: mask |BBBBBBBB|BBBBBBBB||BBBBBBBB|BBBBBBBB||BBBBBBBB|BBBBBBBB||BBBBBBBB|BBBBBBBB||||BBBBBBBB|BBBBBBBB||BBBBBBBB|BBBBBBBB||BBBBBBBB|BBBBBBBB||BBBBBBBB|BBBBBBBB|  set
Running "module reset". Resetting modules to system default. The following $MODULEPATH directories have been removed: None

No initialization of A,B, or C.
N=10240, Δt=0.642100132, perf=3344.46847302626
N=10240, Δt=0.636592255, perf=3373.4052388054893
N=10240, Δt=0.634262026, perf=3385.798865404564
N=10240, Δt=0.634573425, perf=3384.1373801621144
N=10240, Δt=0.635375591, perf=3379.8648837298506
N=10240, Δt=0.63567526, perf=3378.2715533085247
N=10240, Δt=0.637983859, perf=3366.046989599466
N=10240, Δt=0.639521213, perf=3357.9553021019183
N=10240, Δt=0.64037764, perf=3353.464446385105
N=10240, Δt=0.640481619, perf=3352.9200281390126
	Best performance: 3385.798865404564 GFLOPS

Linear parallel initialization
N=10240, Δt=0.773019626, perf=2778.045441242135
N=10240, Δt=0.781913128, perf=2746.447873938241
N=10240, Δt=0.773742563, perf=2775.449808103681
N=10240, Δt=0.767599759, perf=2797.660659505236
N=10240, Δt=0.768052337, perf=2796.0121264496593
N=10240, Δt=0.761691964, perf=2819.3597274186286
N=10240, Δt=0.758378799, perf=2831.6767963868147
N=10240, Δt=0.76749586, perf=2798.0393900756676
N=10240, Δt=0.771379083, perf=2783.9536945286864
N=10240, Δt=0.770989864, perf=2785.3591185473742
	Best performance: 2831.6767963868147 GFLOPS

Row-wise parallel initialization
N=10240, Δt=0.661232021, perf=3247.700625194012
N=10240, Δt=0.658160894, perf=3262.855127943837
N=10240, Δt=0.661144082, perf=3248.1326029626325
N=10240, Δt=0.660001646, perf=3253.7549883625597
N=10240, Δt=0.658365043, perf=3261.84336612781
N=10240, Δt=0.658469393, perf=3261.3264501422323
N=10240, Δt=0.661134541, perf=3248.1794775868475
N=10240, Δt=0.655368236, perf=3276.758820517508
N=10240, Δt=0.653178515, perf=3287.743853607922
N=10240, Δt=0.653463354, perf=3286.310754619608
	Best performance: 3287.743853607922 GFLOPS

Naive initialization of A and B. No initialization of C.
N=10240, Δt=1.039033746, perf=2066.8083748648523
N=10240, Δt=1.040686759, perf=2063.525483944396
N=10240, Δt=1.037506513, perf=2069.8507634332314
N=10240, Δt=1.039282445, perf=2066.313790184342
N=10240, Δt=1.029359917, perf=2086.2320482214773
N=10240, Δt=1.029020768, perf=2086.9196373692625
N=10240, Δt=1.032013416, perf=2080.867956468504
N=10240, Δt=1.022108208, perf=2101.0335610180327
N=10240, Δt=1.051683562, perf=2041.9484772740036
N=10240, Δt=1.030142684, perf=2084.6467983070197
	Best performance: 2101.0335610180327 GFLOPS

Naive initialization (i.e. serial)
N=10240, Δt=3.235679164, perf=663.6886845558709
N=10240, Δt=3.215624701, perf=667.8278243515707
N=10240, Δt=3.214637598, perf=668.0328909660193
N=10240, Δt=3.220398514, perf=666.8378583160656
N=10240, Δt=3.214307631, perf=668.1014683500903
N=10240, Δt=3.225594752, perf=665.7636228693864
N=10240, Δt=3.215599722, perf=667.8330120840831
N=10240, Δt=3.222680609, perf=666.365646661574
N=10240, Δt=3.212587691, perf=668.4591533535825
N=10240, Δt=3.222740039, perf=666.3533583262129
	Best performance: 668.4591533535825 GFLOPS
