cpu-bind=MASK - n2cn1015, task  0  0 [1417981]: mask |BBBBBBBB|BBBBBBBB||BBBBBBBB|BBBBBBBB||BBBBBBBB|BBBBBBBB||BBBBBBBB|BBBBBBBB||||BBBBBBBB|BBBBBBBB||BBBBBBBB|BBBBBBBB||BBBBBBBB|BBBBBBBB||BBBBBBBB|BBBBBBBB|  set
Running "module reset". Resetting modules to system default. The following $MODULEPATH directories have been removed: None

No initialization of A,B, or C.
N=10240, Δt=1.256748546, perf=1708.7615934269797
N=10240, Δt=1.257315544, perf=1707.991011681949
N=10240, Δt=1.257632832, perf=1707.560102883828
N=10240, Δt=1.25813197, perf=1706.882663509457
N=10240, Δt=1.257451913, perf=1707.8057823114548
N=10240, Δt=1.257549912, perf=1707.6726955391016
N=10240, Δt=1.257875131, perf=1707.2311830290887
N=10240, Δt=1.25791061, perf=1707.1830310740445
N=10240, Δt=1.257469563, perf=1707.7818113359776
N=10240, Δt=1.25807011, perf=1706.9665918698286
	Best performance: 1708.7615934269797 GFLOPS

Linear parallel initialization
N=10240, Δt=1.283427111, perf=1673.2416119266472
N=10240, Δt=1.281914157, perf=1675.2164224675148
N=10240, Δt=1.281489439, perf=1675.7716315444409
N=10240, Δt=1.283668939, perf=1672.9263930565514
N=10240, Δt=1.27894669, perf=1679.103331507899
N=10240, Δt=1.284204787, perf=1672.2283468641208
N=10240, Δt=1.282291525, perf=1674.7234198557148
N=10240, Δt=1.284132657, perf=1672.3222762802147
N=10240, Δt=1.282796263, perf=1674.064471452237
N=10240, Δt=1.284629705, perf=1671.6752225498321
	Best performance: 1679.103331507899 GFLOPS

Row-wise parallel initialization
N=10240, Δt=1.281206659, perf=1676.1414974818672
N=10240, Δt=1.281246144, perf=1676.0898427336067
N=10240, Δt=1.281271532, perf=1676.0566315306223
N=10240, Δt=1.279815008, perf=1677.9641077626748
N=10240, Δt=1.280439072, perf=1677.1462968915089
N=10240, Δt=1.280898082, perf=1676.5452912903966
N=10240, Δt=1.281507267, perf=1675.7483186398504
N=10240, Δt=1.280721896, perf=1676.7759298151332
N=10240, Δt=1.280748675, perf=1676.74087033508
N=10240, Δt=1.283457104, perf=1673.2025100856042
	Best performance: 1677.9641077626748 GFLOPS

Naive initialization of A and B. No initialization of C.
N=10240, Δt=1.301966198, perf=1649.4158230058752
N=10240, Δt=1.302201257, perf=1649.1180886642321
N=10240, Δt=1.302474515, perf=1648.7721051494048
N=10240, Δt=1.297549239, perf=1655.0305633526712
N=10240, Δt=1.303863448, perf=1647.0157601963854
N=10240, Δt=1.297089532, perf=1655.6171297510712
N=10240, Δt=1.298951863, perf=1653.2434412467524
N=10240, Δt=1.302680284, perf=1648.5116681170252
N=10240, Δt=1.300394025, perf=1651.4099624534956
N=10240, Δt=1.302838443, perf=1648.3115458698514
	Best performance: 1655.6171297510712 GFLOPS

Naive initialization (i.e. serial)
N=10240, Δt=3.106871596, perf=691.2045064124369
N=10240, Δt=3.098090229, perf=693.1636877125958
N=10240, Δt=3.108641607, perf=690.8109455796781
N=10240, Δt=3.092584296, perf=694.3977730138485
N=10240, Δt=3.10405799, perf=691.8310337365831
N=10240, Δt=3.093531261, perf=694.1852099809767
N=10240, Δt=3.098268628, perf=693.1237751925493
N=10240, Δt=3.102899175, perf=692.0894063533341
N=10240, Δt=3.099163414, perf=692.9236574938478
N=10240, Δt=3.109074465, perf=690.7147680684451
	Best performance: 694.3977730138485 GFLOPS
