cpu-bind=MASK - n2cn0404, task  0  0 [501640]: mask |BBBBBBBB|BBBBBBBB||BBBBBBBB|BBBBBBBB||BBBBBBBB|BBBBBBBB||BBBBBBBB|BBBBBBBB||||BBBBBBBB|BBBBBBBB||BBBBBBBB|BBBBBBBB||BBBBBBBB|BBBBBBBB||BBBBBBBB|BBBBBBBB|  set
Running "module reset". Resetting modules to system default. The following $MODULEPATH directories have been removed: None

No initialization of A,B, or C.
N=10240, Δt=1.290396083, perf=1664.205026883982
N=10240, Δt=1.160848082, perf=1849.9265160520806
N=10240, Δt=1.161624651, perf=1848.689803673941
	Best performance: 1849.9265160520806 GFLOPS

Linear parallel initialization
N=10240, Δt=1.227843124, perf=1748.9886175393854
N=10240, Δt=1.196515831, perf=1794.7808063727994
N=10240, Δt=1.191628612, perf=1802.1417297086523
	Best performance: 1802.1417297086523 GFLOPS

Row-wise parallel initialization
N=10240, Δt=1.226626142, perf=1750.7238550277043
N=10240, Δt=1.192767625, perf=1800.4208053517548
N=10240, Δt=1.191071371, perf=1802.9848590828065
	Best performance: 1802.9848590828065 GFLOPS

Naive initialization of A and B. No initialization of C.
N=10240, Δt=1.258104386, perf=1706.9200869950707
N=10240, Δt=1.214865952, perf=1767.6712763779883
N=10240, Δt=1.212704079, perf=1770.8224827369447
	Best performance: 1770.8224827369447 GFLOPS

Naive initialization (i.e. serial)
N=10240, Δt=2.523873914, perf=850.868039044204
N=10240, Δt=2.487717392, perf=863.2345679239438
N=10240, Δt=2.480604881, perf=865.7096760747686
	Best performance: 865.7096760747686 GFLOPS
