cpu-bind=MASK - n2cn1015, task  0  0 [1419543]: mask |BBBBBBBB|BBBBBBBB||BBBBBBBB|BBBBBBBB||BBBBBBBB|BBBBBBBB||BBBBBBBB|BBBBBBBB||||BBBBBBBB|BBBBBBBB||BBBBBBBB|BBBBBBBB||BBBBBBBB|BBBBBBBB||BBBBBBBB|BBBBBBBB|  set
Running "module reset". Resetting modules to system default. The following $MODULEPATH directories have been removed: None

No initialization of A,B, or C.
N=10240, Δt=1.243017025, perf=1727.6381616736103
N=10240, Δt=1.137856806, perf=1887.305710767968
N=10240, Δt=1.141720782, perf=1880.9184188082866
N=10240, Δt=1.140481309, perf=1882.9625975045242
N=10240, Δt=1.139365237, perf=1884.8070647252862
N=10240, Δt=1.141194325, perf=1881.7861261271169
N=10240, Δt=1.140509729, perf=1882.9156765571092
N=10240, Δt=1.141380024, perf=1881.479965344128
N=10240, Δt=1.140816598, perf=1882.4091898424501
N=10240, Δt=1.141259325, perf=1881.6789496988338
	Best performance: 1887.305710767968 GFLOPS

Linear parallel initialization
N=10240, Δt=1.202286079, perf=1786.166941054634
N=10240, Δt=1.163252363, perf=1846.1029749913348
N=10240, Δt=1.163144544, perf=1846.2741015960955
N=10240, Δt=1.158415202, perf=1853.8116940216053
N=10240, Δt=1.159763224, perf=1851.6569620076175
N=10240, Δt=1.158161214, perf=1854.2182401214484
N=10240, Δt=1.163505562, perf=1845.7012309495087
N=10240, Δt=1.160536499, perf=1850.4231877674017
N=10240, Δt=1.159607345, perf=1851.9058690508728
N=10240, Δt=1.161121116, perf=1849.4915116159168
	Best performance: 1854.2182401214484 GFLOPS

Row-wise parallel initialization
N=10240, Δt=1.221155895, perf=1758.5663360368908
N=10240, Δt=1.178249101, perf=1822.605802268293
N=10240, Δt=1.183498999, perf=1814.520882412677
N=10240, Δt=1.178447959, perf=1822.2982454161984
N=10240, Δt=1.180460158, perf=1819.191976490239
N=10240, Δt=1.179434364, perf=1820.7741893469201
N=10240, Δt=1.176118893, perf=1825.9069391550029
N=10240, Δt=1.177119178, perf=1824.3553313341733
N=10240, Δt=1.179075316, perf=1821.3286453025873
N=10240, Δt=1.178246071, perf=1822.6104893160302
	Best performance: 1825.9069391550029 GFLOPS

Naive initialization of A and B. No initialization of C.
N=10240, Δt=1.243474512, perf=1727.002545911452
N=10240, Δt=1.19516463, perf=1796.8099072677544
N=10240, Δt=1.193197882, perf=1799.771588934148
N=10240, Δt=1.192705414, perf=1800.5147145244703
N=10240, Δt=1.193658479, perf=1799.0771110670426
N=10240, Δt=1.197345577, perf=1793.537044986303
N=10240, Δt=1.193681639, perf=1799.04220508832
N=10240, Δt=1.194823152, perf=1797.3234318445814
N=10240, Δt=1.192670974, perf=1800.5667068409764
N=10240, Δt=1.194839602, perf=1797.2986871253702
	Best performance: 1800.5667068409764 GFLOPS

Naive initialization (i.e. serial)
N=10240, Δt=2.496528148, perf=860.1880374232417
N=10240, Δt=2.457419181, perf=873.8776292639348
N=10240, Δt=2.454088341, perf=875.0637098601497
N=10240, Δt=2.458389675, perf=873.5326501889901
N=10240, Δt=2.457203832, perf=873.9542157770818
N=10240, Δt=2.454946456, perf=874.7578354515443
N=10240, Δt=2.456129119, perf=874.3366264369427
N=10240, Δt=2.456169138, perf=874.3223806438041
N=10240, Δt=2.456106789, perf=874.3445755770027
N=10240, Δt=2.453693863, perf=875.2043930102948
	Best performance: 875.2043930102948 GFLOPS
