cpu-bind=MASK - n2cn1015, task  0  0 [1416840]: mask |BBBBBBBB|BBBBBBBB||BBBBBBBB|BBBBBBBB||BBBBBBBB|BBBBBBBB||BBBBBBBB|BBBBBBBB||||BBBBBBBB|BBBBBBBB||BBBBBBBB|BBBBBBBB||BBBBBBBB|BBBBBBBB||BBBBBBBB|BBBBBBBB|  set
Running "module reset". Resetting modules to system default. The following $MODULEPATH directories have been removed: None

No initialization of A,B, or C.
N=10240, Δt=0.933786061, perf=2299.759803332511
N=10240, Δt=0.943917373, perf=2275.075879973236
N=10240, Δt=0.946421983, perf=2269.0551218948176
N=10240, Δt=0.934902646, perf=2297.0131245087955
N=10240, Δt=0.940831714, perf=2282.5374783231428
N=10240, Δt=0.945486597, perf=2271.299936787999
N=10240, Δt=0.937951425, perf=2289.5467619765063
N=10240, Δt=0.956202946, perf=2245.8450446982833
N=10240, Δt=0.947057131, perf=2267.533370170041
N=10240, Δt=0.932679965, perf=2302.4871645012763
	Best performance: 2302.4871645012763 GFLOPS

Linear parallel initialization
N=10240, Δt=0.948383935, perf=2264.361055420029
N=10240, Δt=0.945494047, perf=2271.282040129017
N=10240, Δt=0.96287532, perf=2230.2821594804195
N=10240, Δt=0.946584802, perf=2268.6648290387407
N=10240, Δt=0.950823857, perf=2258.5504477934023
N=10240, Δt=0.979938035, perf=2191.44840928641
N=10240, Δt=0.954827952, perf=2249.079159760501
N=10240, Δt=0.994178401, perf=2160.0586432374125
N=10240, Δt=0.954933931, perf=2248.829555937101
N=10240, Δt=0.954884081, perf=2248.94695673537
	Best performance: 2271.282040129017 GFLOPS

Row-wise parallel initialization
N=10240, Δt=0.943852273, perf=2275.232798003761
N=10240, Δt=0.940220946, perf=2284.0202158185066
N=10240, Δt=0.941650951, perf=2280.5516690865643
N=10240, Δt=0.948528305, perf=2264.016410137597
N=10240, Δt=0.949317052, perf=2262.1353355822794
N=10240, Δt=0.964582234, perf=2226.335476960485
N=10240, Δt=0.943231165, perf=2276.731015349774
N=10240, Δt=0.941377503, perf=2281.214115651115
N=10240, Δt=0.946709982, perf=2268.364851782032
N=10240, Δt=0.946645123, perf=2268.520267863885
	Best performance: 2284.0202158185066 GFLOPS

Naive initialization of A and B. No initialization of C.
N=10240, Δt=0.943328562, perf=2276.4959469127157
N=10240, Δt=0.94169302, perf=2280.4497881910606
N=10240, Δt=0.957208291, perf=2243.486259146913
N=10240, Δt=0.970011804, perf=2213.873727252086
N=10240, Δt=0.971724596, perf=2209.971484554251
N=10240, Δt=0.943387722, perf=2276.353187475552
N=10240, Δt=0.944457267, perf=2273.775344882809
N=10240, Δt=0.945601403, perf=2271.0241769808376
N=10240, Δt=0.988660341, perf=2172.11468786933
N=10240, Δt=0.942098058, perf=2279.4693501002844
	Best performance: 2280.4497881910606 GFLOPS

Naive initialization (i.e. serial)
N=10240, Δt=3.583109346, perf=599.3352255345881
N=10240, Δt=3.565289616, perf=602.3307723340926
N=10240, Δt=3.564115041, perf=602.5292739702002
N=10240, Δt=3.564435233, perf=602.4751489712368
N=10240, Δt=3.562681839, perf=602.7716605204274
N=10240, Δt=3.571084726, perf=601.3533177649955
N=10240, Δt=3.580009923, perf=599.8541049295299
N=10240, Δt=3.575088972, perf=600.6797774318441
N=10240, Δt=3.566446235, perf=602.1354330047822
N=10240, Δt=3.574967922, perf=600.7001167156208
	Best performance: 602.7716605204274 GFLOPS
