cpu-bind=MASK - n2cn1015, task  0  0 [1417090]: mask |BBBBBBBB|BBBBBBBB||BBBBBBBB|BBBBBBBB||BBBBBBBB|BBBBBBBB||BBBBBBBB|BBBBBBBB||||BBBBBBBB|BBBBBBBB||BBBBBBBB|BBBBBBBB||BBBBBBBB|BBBBBBBB||BBBBBBBB|BBBBBBBB|  set
Running "module reset". Resetting modules to system default. The following $MODULEPATH directories have been removed: None

No initialization of A,B, or C.
N=10240, Δt=1.031637348, perf=2081.626505829062
N=10240, Δt=1.019527305, perf=2106.3522648861276
N=10240, Δt=1.017577882, perf=2110.3875054548403
N=10240, Δt=1.045038427, perf=2054.9327111011585
N=10240, Δt=1.166249441, perf=1841.3587801239512
N=10240, Δt=1.014148696, perf=2117.5234523991344
N=10240, Δt=1.021079568, perf=2103.1501513699864
N=10240, Δt=1.016265111, perf=2113.1136204084446
N=10240, Δt=1.021825697, perf=2101.614447850395
N=10240, Δt=1.015735113, perf=2114.216216920326
	Best performance: 2117.5234523991344 GFLOPS

Linear parallel initialization
N=10240, Δt=0.978202869, perf=2195.3356671253027
N=10240, Δt=0.967192905, perf=2220.3260972018816
N=10240, Δt=0.958142459, perf=2241.298908975706
N=10240, Δt=0.940932933, perf=2282.291938866593
N=10240, Δt=0.969358161, perf=2215.3665532506925
N=10240, Δt=0.952534013, perf=2254.495502198933
N=10240, Δt=0.931595618, perf=2305.1671846743275
N=10240, Δt=0.951891096, perf=2256.018211562303
N=10240, Δt=0.945335626, perf=2271.662665551547
N=10240, Δt=0.961684688, perf=2233.0434026833545
	Best performance: 2305.1671846743275 GFLOPS

Row-wise parallel initialization
N=10240, Δt=0.957582323, perf=2242.6099526066546
N=10240, Δt=1.010336296, perf=2125.513709150166
N=10240, Δt=0.97292064, perf=2207.254692427946
N=10240, Δt=0.977438893, perf=2197.0515634065323
N=10240, Δt=0.980241897, perf=2190.76908931592
N=10240, Δt=1.002282254, perf=2142.593704946511
N=10240, Δt=0.983978204, perf=2182.450423464868
N=10240, Δt=0.968339528, perf=2217.69698117704
N=10240, Δt=1.009559021, perf=2127.1501748088485
N=10240, Δt=0.97460218, perf=2203.446382605054
	Best performance: 2242.6099526066546 GFLOPS

Naive initialization of A and B. No initialization of C.
N=10240, Δt=1.003939549, perf=2139.0567292015307
N=10240, Δt=0.973385559, perf=2206.2004394293667
N=10240, Δt=0.98581916, perf=2178.374832966322
N=10240, Δt=0.991702027, perf=2165.452514498087
N=10240, Δt=0.999038649, perf=2149.550120157564
N=10240, Δt=0.987895803, perf=2173.795699383086
N=10240, Δt=0.998158882, perf=2151.4447115845032
N=10240, Δt=0.99350964, perf=2161.512643198913
N=10240, Δt=0.993388041, perf=2161.777230414635
N=10240, Δt=1.012150807, perf=2121.7032414024443
	Best performance: 2206.2004394293667 GFLOPS

Naive initialization (i.e. serial)
N=10240, Δt=3.627832763, perf=591.9467043525347
N=10240, Δt=3.641753139, perf=589.6840247084085
N=10240, Δt=3.635499513, perf=590.6983731729082
N=10240, Δt=3.648277102, perf=588.6295333275921
N=10240, Δt=3.640168204, perf=589.9407740664942
N=10240, Δt=3.641527309, perf=589.720594073952
N=10240, Δt=3.654370206, perf=587.6480835122046
N=10240, Δt=3.633172486, perf=591.0767122329244
N=10240, Δt=3.631255074, perf=591.3888185316723
N=10240, Δt=3.633170216, perf=591.0770815368811
	Best performance: 591.9467043525347 GFLOPS
