cpu-bind=MASK - gpu-0002, task  0  0 [2883017]: mask |BBBBBBBBBBBBBBBBBBBB||||BBBBBBBBBBBBBBBBBBBB|  set
Running "module reset". Resetting modules to system default. The following $MODULEPATH directories have been removed: None
BLAS.get_num_threads() = 40
BLAS.get_num_threads() = 40

No initialization of A,B, or C.
N=10240, Δt=0.999845998, perf=2147.8144157156494
N=10240, Δt=1.115543095, perf=1925.056645167079
N=10240, Δt=1.013680697, perf=2118.501076675824
	Best performance: 2147.8144157156494 GFLOPS

Linear parallel initialization
N=10240, Δt=1.132103312, perf=1896.8972400639
N=10240, Δt=1.131427239, perf=1898.0307119864208
N=10240, Δt=1.132377215, perf=1896.4384125302274
	Best performance: 1898.0307119864208 GFLOPS

Row-wise parallel initialization
N=10240, Δt=1.127060601, perf=1905.3843653966928
N=10240, Δt=1.129994336, perf=1900.437532812554
N=10240, Δt=1.128085594, perf=1903.6531087906083
	Best performance: 1905.3843653966928 GFLOPS

Naive initialization of A and B. No initialization of C.
N=10240, Δt=1.129612217, perf=1901.0804023554572
N=10240, Δt=1.130010765, perf=1900.4099027322102
N=10240, Δt=1.130157465, perf=1900.163220175695
	Best performance: 1901.0804023554572 GFLOPS

Naive initialization (i.e. serial)
N=10240, Δt=1.201897142, perf=1786.744949261224
N=10240, Δt=1.198994063, perf=1791.0711272637886
N=10240, Δt=1.204475411, perf=1782.9202891050136
	Best performance: 1791.0711272637886 GFLOPS
