cpu-bind=MASK - n2cn0680, task  0  0 [1611039]: mask |BBBBBBBB|BBBBBBBB||BBBBBBBB|BBBBBBBB||BBBBBBBB|BBBBBBBB||BBBBBBBB|BBBBBBBB||||BBBBBBBB|BBBBBBBB||BBBBBBBB|BBBBBBBB||BBBBBBBB|BBBBBBBB||BBBBBBBB|BBBBBBBB|  set
Running "module reset". Resetting modules to system default. The following $MODULEPATH directories have been removed: None

No initialization of A,B, or C.
N=10240, Δt=1.25280641, perf=1714.1384581517266
N=10240, Δt=1.250443962, perf=1717.3769583126668
N=10240, Δt=1.252409789, perf=1714.6813022873937
	Best performance: 1717.3769583126668 GFLOPS

Linear parallel initialization
N=10240, Δt=1.278667903, perf=1679.4694251428316
N=10240, Δt=1.27785359, perf=1680.5396680851363
N=10240, Δt=1.276570765, perf=1682.2284411315031
	Best performance: 1682.2284411315031 GFLOPS

Row-wise parallel initialization
N=10240, Δt=1.276445715, perf=1682.393244588549
N=10240, Δt=1.274784849, perf=1684.5851672025954
N=10240, Δt=1.276501445, perf=1682.3197940054038
	Best performance: 1684.5851672025954 GFLOPS

Naive initialization of A and B. No initialization of C.
N=10240, Δt=1.297099299, perf=1655.6046631553995
N=10240, Δt=1.296324676, perf=1656.5939750729547
N=10240, Δt=1.295251013, perf=1657.9671634659437
	Best performance: 1657.9671634659437 GFLOPS

Naive initialization (i.e. serial)
N=10240, Δt=3.279257729, perf=654.8688226023849
N=10240, Δt=3.275941908, perf=655.5316633532929
N=10240, Δt=3.275879977, perf=655.5440562772487
	Best performance: 655.5440562772487 GFLOPS
